[10-Jul-2025 09:55:03 UTC] PHP Warning:  mysqli_real_connect(): (HY000/1045): Access denied for user 'admin'@'localhost' (using password: YES) in C:\xampp\htdocs\childhood\wp-includes\class-wpdb.php on line 1988
[10-Jul-2025 09:55:11 UTC] PHP Warning:  mysqli_real_connect(): (HY000/1045): Access denied for user 'admin'@'localhost' (using password: YES) in C:\xampp\htdocs\childhood\wp-includes\class-wpdb.php on line 1988
[10-Jul-2025 09:57:01 UTC] PHP Fatal error:  Uncaught Error: Call to undefined function the_field() in C:\xampp\htdocs\childhood\wp-content\themes\childhood\header.php:36
Stack trace:
#0 C:\xampp\htdocs\childhood\wp-includes\template.php(810): require_once()
#1 C:\xampp\htdocs\childhood\wp-includes\template.php(745): load_template('C:\\xampp\\htdocs...', true, Array)
#2 C:\xampp\htdocs\childhood\wp-includes\general-template.php(48): locate_template(Array, true, true, Array)
#3 C:\xampp\htdocs\childhood\wp-content\themes\childhood\index.php(2): get_header()
#4 C:\xampp\htdocs\childhood\wp-includes\template-loader.php(106): include('C:\\xampp\\htdocs...')
#5 C:\xampp\htdocs\childhood\wp-blog-header.php(19): require_once('C:\\xampp\\htdocs...')
#6 C:\xampp\htdocs\childhood\index.php(17): require('C:\\xampp\\htdocs...')
#7 {main}
  thrown in C:\xampp\htdocs\childhood\wp-content\themes\childhood\header.php on line 36
[10-Jul-2025 09:57:04 UTC] PHP Fatal error:  Uncaught Error: Call to undefined function the_field() in C:\xampp\htdocs\childhood\wp-content\themes\childhood\header.php:36
Stack trace:
#0 C:\xampp\htdocs\childhood\wp-includes\template.php(810): require_once()
#1 C:\xampp\htdocs\childhood\wp-includes\template.php(745): load_template('C:\\xampp\\htdocs...', true, Array)
#2 C:\xampp\htdocs\childhood\wp-includes\general-template.php(48): locate_template(Array, true, true, Array)
#3 C:\xampp\htdocs\childhood\wp-content\themes\childhood\index.php(2): get_header()
#4 C:\xampp\htdocs\childhood\wp-includes\template-loader.php(106): include('C:\\xampp\\htdocs...')
#5 C:\xampp\htdocs\childhood\wp-blog-header.php(19): require_once('C:\\xampp\\htdocs...')
#6 C:\xampp\htdocs\childhood\index.php(17): require('C:\\xampp\\htdocs...')
#7 {main}
  thrown in C:\xampp\htdocs\childhood\wp-content\themes\childhood\header.php on line 36
[10-Jul-2025 09:57:10 UTC] PHP Fatal error:  Uncaught Error: Call to undefined function the_field() in C:\xampp\htdocs\childhood\wp-content\themes\childhood\header.php:36
Stack trace:
#0 C:\xampp\htdocs\childhood\wp-includes\template.php(810): require_once()
#1 C:\xampp\htdocs\childhood\wp-includes\template.php(745): load_template('C:\\xampp\\htdocs...', true, Array)
#2 C:\xampp\htdocs\childhood\wp-includes\general-template.php(48): locate_template(Array, true, true, Array)
#3 C:\xampp\htdocs\childhood\wp-content\themes\childhood\index.php(2): get_header()
#4 C:\xampp\htdocs\childhood\wp-includes\template-loader.php(106): include('C:\\xampp\\htdocs...')
#5 C:\xampp\htdocs\childhood\wp-blog-header.php(19): require_once('C:\\xampp\\htdocs...')
#6 C:\xampp\htdocs\childhood\index.php(17): require('C:\\xampp\\htdocs...')
#7 {main}
  thrown in C:\xampp\htdocs\childhood\wp-content\themes\childhood\header.php on line 36
[10-Jul-2025 09:57:32 UTC] PHP Fatal error:  Uncaught Error: Call to undefined function the_field() in C:\xampp\htdocs\childhood\wp-content\themes\childhood\header.php:36
Stack trace:
#0 C:\xampp\htdocs\childhood\wp-includes\template.php(810): require_once()
#1 C:\xampp\htdocs\childhood\wp-includes\template.php(745): load_template('C:\\xampp\\htdocs...', true, Array)
#2 C:\xampp\htdocs\childhood\wp-includes\general-template.php(48): locate_template(Array, true, true, Array)
#3 C:\xampp\htdocs\childhood\wp-content\themes\childhood\index.php(2): get_header()
#4 C:\xampp\htdocs\childhood\wp-includes\template-loader.php(106): include('C:\\xampp\\htdocs...')
#5 C:\xampp\htdocs\childhood\wp-blog-header.php(19): require_once('C:\\xampp\\htdocs...')
#6 C:\xampp\htdocs\childhood\index.php(17): require('C:\\xampp\\htdocs...')
#7 {main}
  thrown in C:\xampp\htdocs\childhood\wp-content\themes\childhood\header.php on line 36
[10-Jul-2025 09:57:32 UTC] PHP Fatal error:  Uncaught Error: Call to undefined function the_field() in C:\xampp\htdocs\childhood\wp-content\themes\childhood\header.php:36
Stack trace:
#0 C:\xampp\htdocs\childhood\wp-includes\template.php(810): require_once()
#1 C:\xampp\htdocs\childhood\wp-includes\template.php(745): load_template('C:\\xampp\\htdocs...', true, Array)
#2 C:\xampp\htdocs\childhood\wp-includes\general-template.php(48): locate_template(Array, true, true, Array)
#3 C:\xampp\htdocs\childhood\wp-content\themes\childhood\index.php(2): get_header()
#4 C:\xampp\htdocs\childhood\wp-includes\template-loader.php(106): include('C:\\xampp\\htdocs...')
#5 C:\xampp\htdocs\childhood\wp-blog-header.php(19): require_once('C:\\xampp\\htdocs...')
#6 C:\xampp\htdocs\childhood\index.php(17): require('C:\\xampp\\htdocs...')
#7 {main}
  thrown in C:\xampp\htdocs\childhood\wp-content\themes\childhood\header.php on line 36
[10-Jul-2025 09:57:34 UTC] PHP Fatal error:  Uncaught Error: Call to undefined function the_field() in C:\xampp\htdocs\childhood\wp-content\themes\childhood\header.php:36
Stack trace:
#0 C:\xampp\htdocs\childhood\wp-includes\template.php(810): require_once()
#1 C:\xampp\htdocs\childhood\wp-includes\template.php(745): load_template('C:\\xampp\\htdocs...', true, Array)
#2 C:\xampp\htdocs\childhood\wp-includes\general-template.php(48): locate_template(Array, true, true, Array)
#3 C:\xampp\htdocs\childhood\wp-content\themes\childhood\index.php(2): get_header()
#4 C:\xampp\htdocs\childhood\wp-includes\template-loader.php(106): include('C:\\xampp\\htdocs...')
#5 C:\xampp\htdocs\childhood\wp-blog-header.php(19): require_once('C:\\xampp\\htdocs...')
#6 C:\xampp\htdocs\childhood\index.php(17): require('C:\\xampp\\htdocs...')
#7 {main}
  thrown in C:\xampp\htdocs\childhood\wp-content\themes\childhood\header.php on line 36
[10-Jul-2025 09:59:45 UTC] PHP Fatal error:  Uncaught Error: Call to undefined function the_field() in C:\xampp\htdocs\childhood\wp-content\themes\childhood\header.php:36
Stack trace:
#0 C:\xampp\htdocs\childhood\wp-includes\template.php(810): require_once()
#1 C:\xampp\htdocs\childhood\wp-includes\template.php(745): load_template('C:\\xampp\\htdocs...', true, Array)
#2 C:\xampp\htdocs\childhood\wp-includes\general-template.php(48): locate_template(Array, true, true, Array)
#3 C:\xampp\htdocs\childhood\wp-content\themes\childhood\index.php(2): get_header()
#4 C:\xampp\htdocs\childhood\wp-includes\template-loader.php(106): include('C:\\xampp\\htdocs...')
#5 C:\xampp\htdocs\childhood\wp-blog-header.php(19): require_once('C:\\xampp\\htdocs...')
#6 C:\xampp\htdocs\childhood\index.php(17): require('C:\\xampp\\htdocs...')
#7 {main}
  thrown in C:\xampp\htdocs\childhood\wp-content\themes\childhood\header.php on line 36
[10-Jul-2025 10:00:37 UTC] PHP Fatal error:  Uncaught Error: Call to undefined function the_field() in C:\xampp\htdocs\childhood\wp-content\themes\childhood\header.php:36
Stack trace:
#0 C:\xampp\htdocs\childhood\wp-includes\template.php(810): require_once()
#1 C:\xampp\htdocs\childhood\wp-includes\template.php(745): load_template('C:\\xampp\\htdocs...', true, Array)
#2 C:\xampp\htdocs\childhood\wp-includes\general-template.php(48): locate_template(Array, true, true, Array)
#3 C:\xampp\htdocs\childhood\wp-content\themes\childhood\index.php(2): get_header()
#4 C:\xampp\htdocs\childhood\wp-includes\template-loader.php(106): include('C:\\xampp\\htdocs...')
#5 C:\xampp\htdocs\childhood\wp-blog-header.php(19): require_once('C:\\xampp\\htdocs...')
#6 C:\xampp\htdocs\childhood\index.php(17): require('C:\\xampp\\htdocs...')
#7 {main}
  thrown in C:\xampp\htdocs\childhood\wp-content\themes\childhood\header.php on line 36
[10-Jul-2025 10:22:52 UTC] PHP Warning:  Attempt to read property "title" on null in C:\xampp\htdocs\childhood\wp-includes\class-wp-customize-widgets.php on line 926
[10-Jul-2025 10:26:05 UTC] PHP Warning:  Attempt to read property "title" on null in C:\xampp\htdocs\childhood\wp-includes\class-wp-customize-widgets.php on line 926
[10-Jul-2025 10:29:40 UTC] PHP Warning:  Attempt to read property "title" on null in C:\xampp\htdocs\childhood\wp-includes\class-wp-customize-widgets.php on line 926
[10-Jul-2025 10:30:07 UTC] PHP Warning:  Attempt to read property "title" on null in C:\xampp\htdocs\childhood\wp-includes\class-wp-customize-widgets.php on line 926
[10-Jul-2025 10:33:02 UTC] PHP Warning:  Attempt to read property "title" on null in C:\xampp\htdocs\childhood\wp-includes\class-wp-customize-widgets.php on line 926
[10-Jul-2025 10:35:14 UTC] PHP Warning:  Attempt to read property "title" on null in C:\xampp\htdocs\childhood\wp-includes\class-wp-customize-widgets.php on line 926
[10-Jul-2025 10:57:14 UTC] Automatic updates starting...
[10-Jul-2025 10:57:14 UTC]   Automatic plugin updates starting...
[10-Jul-2025 10:57:14 UTC]   Automatic plugin updates complete.
[10-Jul-2025 10:57:14 UTC] Automatic updates complete.
